Microsoft (R) Help Compiler
HCRTF 4.03.0002
Copyright (c) Microsoft Corp 1990 - 1995. All rights reserved.
inquisitor.hpj
    HC3037: Warning: c:\Documents and Settings\charliec\Desktop\WORK\irods-cvs\RODS\nt\inQ\hlp\Inquisitor.hm : 
	The map value for "HID_DELETE" is the same as the map value for "HID_BUTTON32778".
    HC3037: Warning: c:\Documents and Settings\charliec\Desktop\WORK\irods-cvs\RODS\nt\inQ\hlp\Inquisitor.hm : 
	The map value for "HID_BACK" is the same as the map value for "HID_BUTTON32793".
    HC3037: Warning: c:\Documents and Settings\charliec\Desktop\WORK\irods-cvs\RODS\nt\inQ\hlp\Inquisitor.hm : 
	The map value for "HID_FORWARD" is the same as the map value for "HID_BUTTON32794".
    HC3037: Warning: c:\Documents and Settings\charliec\Desktop\WORK\irods-cvs\RODS\nt\inQ\hlp\Inquisitor.hm : 
	The map value for "HID_EXECUTE_SUCCESSFUL" is the same as the map value for "HID_WINDOW_ALL".
    HC3037: Warning: c:\Documents and Settings\charliec\Desktop\WORK\irods-cvs\RODS\nt\inQ\hlp\Inquisitor.hm : 
	The map value for "HIDR_BLAH" is the same as the map value for "HIDR_MAINFRAME".
    HC3037: Warning: c:\Documents and Settings\charliec\Desktop\WORK\irods-cvs\RODS\nt\inQ\hlp\Inquisitor.hm : 
	The map value for "HIDR_H" is the same as the map value for "HIDR_TOOLBAR2".
    HC3037: Warning: c:\Documents and Settings\charliec\Desktop\WORK\irods-cvs\RODS\nt\inQ\hlp\Inquisitor.hm : 
	The map value for "HIDD_METADATA" is the same as the map value for "HIDD_DIALOG1".
    HC1002: Note: 
	Using existing phrase table: Inquisitor.ph.
    HC3025: Warning: topic #1 of c:\Documents and Settings\charliec\Desktop\WORK\irods-cvs\RODS\nt\inQ\hlp\.\afxcore.rtf : 
	Jump to undefined Topic ID: "menu_record".
    HC3025: Warning: topic #2 of c:\Documents and Settings\charliec\Desktop\WORK\irods-cvs\RODS\nt\inQ\hlp\.\afxcore.rtf : 
	Jump to undefined Topic ID: "HID_FILE_PRINT_PREVIEW".
    HC3025: Warning: topic #2 of c:\Documents and Settings\charliec\Desktop\WORK\irods-cvs\RODS\nt\inQ\hlp\.\afxcore.rtf : 
	Jump to undefined Topic ID: "HID_FILE_PRINT_SETUP".
    HC3025: Warning: topic #2 of c:\Documents and Settings\charliec\Desktop\WORK\irods-cvs\RODS\nt\inQ\hlp\.\afxcore.rtf : 
	Jump to undefined Topic ID: "HID_FILE_PRINT".
    HC3025: Warning: topic #3 of c:\Documents and Settings\charliec\Desktop\WORK\irods-cvs\RODS\nt\inQ\hlp\.\afxcore.rtf : 
	Jump to undefined Topic ID: "HID_OLE_EDIT_LINKS".
    HC3025: Warning: topic #3 of c:\Documents and Settings\charliec\Desktop\WORK\irods-cvs\RODS\nt\inQ\hlp\.\afxcore.rtf : 
	Jump to undefined Topic ID: "HID_EDIT_PASTE_LINK".
    HC3025: Warning: topic #3 of c:\Documents and Settings\charliec\Desktop\WORK\irods-cvs\RODS\nt\inQ\hlp\.\afxcore.rtf : 
	Jump to undefined Topic ID: "HID_OLE_INSERT_NEW".
    HC1010: Note: 
	The following mapped Topic IDs were not used in any topic:
	AFX_HIDP_UNREG_DONE
	HID_QUERY
	HIDD_LOGIN
	HIDD_QUERY
	HID_VIEW_SRBBAR
	HIDD_GENERIC_DIALOG
	HID_DEFAULT_RESOURCE
	HID_REFRESH
	AFX_HIDP_GET_NOT_SUPPORTED
	HID_HT_OBJECT
	AFX_HIDP_SQL_BOOKMARKS_NOT_ENABLED
	HID_METADATA
	HIDD_PROGRESS_DLG
	HID_FILE_PRINT_PREVIEW
	AFX_HIDD_PRINTDLG
	HID_RECORD_FIRST
	HID_EDIT_SELECT_ALL
	HID_FILE_UPDATE
	AFX_HIDW_RESIZE_BAR
	AFX_HIDP_SQL_NO_DATA_FOUND
	AFX_HIDP_SQL_EMPTY_COLUMN_LIST
	AFX_HIDP_SQL_ODBC_LOAD_FAILED
	AFX_HIDP_FAILED_TO_CREATE
	HID_SYNCHRONIZE
	HID_VIEW_JUMPVIEWBAR
	AFX_HIDD_BUSY
	AFX_HIDP_ARCH_NONE
	HID_RECORD_LAST
	HID_RECORD_NEXT
	HID_RECORD_PREV
	AFX_HIDD_OBJECTPROPERTIES
	AFX_HIDP_UNREG_FAILURE
	AFX_HIDP_SQL_BOOKMARKS_NOT_SUPPORTED
	AFX_HIDP_FILE_TOO_MANY_OPEN
	HID_OPEN_WIDTH
	AFX_HIDP_SQL_FIELD_NOT_FOUND
	AFX_HIDP_FILE_ACCESS_DENIED
	HIDD_DIALOG1
	HID_FILE_SAVE_COPY_AS
	HIDD_PROGRESSBAR
	AFX_HIDD_CONVERT
	AFX_HIDP_ASK_TO_DISCARD
	AFX_HIDP_SQL_FIELD_SCHEMA_MISMATCH
	AFX_HIDP_SQL_LOCK_MODE_NOT_SUPPORTED
	HID_FORMAT_FONT
	AFX_HIDP_FILE_HARD_IO
	AFX_HIDD_CHANGESOURCE
	AFX_HIDP_FILE_NOT_FOUND
	AFX_HIDW_DOCKBAR_TOP
	AFX_HIDP_DAO_DFX_BIND
	HID_DOWNLOAD
	HID_UPLOAD_FAILED
	HID_REPLICATE
	HID_COMMENT
	HIDD_ACCESS_CTRL_GROUP_ADD
	HID_OPENTREE
	AFX_HIDP_SQL_ODBC_V2_REQUIRED
	AFX_HIDP_SQL_NO_ROWS_AFFECTED
	HID_OLE_EDIT_CONVERT
	AFX_HIDP_SQL_SQL_CONFORMANCE
	HID_TREE_HOME
	AFX_HIDD_INSERTOBJECT
	HID_COPY
	HID_CRAP
	HID_OPEN
	HID_STOP
	HID_CHANGE_PASSWORD
	AFX_HIDP_SQL_RECORDSET_READONLY
	HID_RENAME
	AFX_HIDP_PARSE_RADIO_BUTTON
	HIDD_DIALOGBAR1
	HIDD_DIALOGBAR2
	HIDD_DIALOGBAR3
	HID_EDIT_PASTE_SPECIAL
	HID_TREE_UP
	AFX_HIDP_DAO_ROWTOOSHORT
	AFX_HIDP_SQL_INCORRECT_ODBC
	AFX_HIDP_NO_ERROR_AVAILABLE
	AFX_HIDW_DOCKBAR_BOTTOM
	HIDR_MFCAVI
	AFX_HIDP_FILE_DIR_FULL
	HIDD_ACCESS_CTRL_USER_ADD
	AFX_HIDP_DAO_BADBINDINFO
	AFX_HIDP_SQL_UPDATE_DELETE_FAILED
	AFX_HIDP_PARSE_DATETIME
	HID_DISCONNECT
	HID_OLE_EDIT_CHANGE_ICON
	HID_UPLOAD_SUCCESSFUL
	AFX_HIDP_ARCH_ENDOFFILE
	HID_VIEW_QUICKBAR
	AFX_HIDP_SQL_SQL_NO_TOTAL
	AFX_HIDP_SQL_CONNECT_FAIL
	AFX_HIDP_SQL_API_CONFORMANCE
	HID_OLE_EDIT_PROPERTIES
	HID_UPLOAD
	AFX_HIDP_FILE_DISKFULL
	HID_FILE_PAGE_SETUP
	AFX_HIDW_DOCKBAR_LEFT
	AFX_HIDP_FILE_REMOVE_CURRENT
	AFX_HIDP_ARCH_BADCLASS
	AFX_HIDP_SQL_NO_POSITIONED_UPDATES
	HID_OLE_VERB_1
	HID_OLE_VERB_1
	HID_OLE_VERB_1
	HID_OLE_VERB_1
	HID_OLE_VERB_1
	HID_OLE_VERB_1
	HID_OLE_VERB_1
	HID_OLE_VERB_1
	HID_OLE_VERB_1
	HID_OLE_VERB_1
	HID_OLE_VERB_1
	HID_OLE_VERB_1
	HID_OLE_VERB_1
	HID_OLE_VERB_1
	HID_OLE_VERB_1
	HID_OLE_VERB_1
	AFX_HIDP_ARCH_BADINDEX
	HID_STATUS_PBAR
	HID_STATUS_TEXT
	HID_WIZBACK
	HID_WIZNEXT
	HID_NEW_COLLECTION
	AFX_HIDP_PARSE_CURRENCY
	AFX_HIDP_FILE_NONE
	AFX_HIDW_PREVIEW_BAR
	HID_FILE_PRINT_SETUP
	AFX_HIDP_FAILED_TO_CONVERT
	HID_HELP_FINDER
	AFX_HIDP_FILE_EOF
	AFX_HIDP_FILE_LOCKING
	AFX_HIDP_SQL_ILLEGAL_MODE
	AFX_HIDD_PREVIEW_TOOLBAR
	HID_ACCESS_CTRL
	HID_VIEW_ARRANGE
	HID_DOWNLOAD_FAILED
	AFX_HIDP_SQL_NO_CURRENT_RECORD
	AFX_HIDP_FILE_BAD_PATH
	AFX_HIDP_FILE_BAD_SEEK
	AFX_HIDP_SQL_ROW_UPDATE_NOT_SUPPORTED
	HIDD_ACCESS_CTRL
	HIDR_TOOLBAR2
	AFX_HIDP_FAILED_MAPI_LOAD
	AFX_HIDP_FAILED_MAPI_SEND
	AFX_HIDP_FILE_SHARING
	HIDR_AVI1
	HIDR_AVI2
	HID_NEW_CONTAINER
	HID_FILE_PRINT_DIRECT
	HID_FILE_PRINT
	AFX_HIDP_DLL_LOAD_FAILED
	AFX_HIDP_SQL_DYNASET_NOT_SUPPORTED
	AFX_HIDD_PRINTSETUP
	AFX_HIDP_SQL_ROW_FETCH
	HID_INVERT_SELECTION
	AFX_HIDP_SET_NOT_SUPPORTED
	AFX_HIDD_CHANGEICON
	AFX_HIDP_DLL_BAD_VERSION
	AFX_HIDP_ARCH_BADSCHEMA
	AFX_HIDD_FILEBROWSE
	HIDR_INQUISTYPE
	HIDR_LISTVIEWS
	HID_BUTTON32775
	HID_BUTTON32776
	HID_BUTTON32778
	HID_BUTTON32793
	HID_BUTTON32794
	HID_BUTTON32827
	HID_DOWNLOAD_SUCCESSFUL
	AFX_HIDD_EDITLINKS
	AFX_HIDP_SQL_DATA_TRUNCATED
	HID_HT_HELP
	HID_WIZFINISH
	AFX_HIDP_INVALID_MAPI_DLL
	AFX_HIDD_PREVIEW_SHORTTOOLBAR
	AFX_HIDP_DAO_OBJECT_NOT_OPEN
	AFX_HIDP_ARCH_WRITEONLY
	HID_OLE_EDIT_LINKS
	AFX_HIDP_SQL_MULTIPLE_ROWS_AFFECTED
	HID_EDIT_PASTE_LINK
	AFX_HIDP_DAO_ENGINE_INITIALIZATION
	AFX_HIDW_DOCKBAR_FLOAT
	AFX_HIDD_PRINT
	HID_EXECUTE_FAILED
	AFX_HIDW_DOCKBAR_RIGHT
	AFX_HIDP_PARSE_BYTE
	AFX_HIDP_PARSE_UINT
	AFX_HIDP_ARCH_GENERIC
	AFX_HIDP_SQL_SNAPSHOT_NOT_SUPPORTED
	AFX_HIDD_PASTESPECIAL
	AFX_HIDP_FILE_GENERIC
	AFX_HIDP_FILE_INVALID_FILE
	HID_HT_CLOSE
	AFX_HIDP_ARCH_READONLY
	AFX_HIDP_SQL_RECORDSET_FORWARD_ONLY
	HID_OLE_INSERT_NEW
	AFX_HIDP_SQL_DYNAMIC_CURSOR_NOT_SUPPORTED
	HID_SELECT_ALL
	AFX_HIDP_DAO_COLUMNUNAVAILABLE
64	Topics
44	Jumps
12	Keywords
21	Bitmaps


Created c:\Documents and Settings\charliec\Desktop\WORK\irods-cvs\RODS\nt\inQ\hlp\Inquisitor.HLP, 34,682 bytes
Bitmaps: 5,348 bytes
Phrase+Zeck compression decreased help file by 11,796 bytes.
Compile time: 0 minutes, 0 seconds
2 notes, 14 warnings
